------------------------------------------
2018/09/28 01:11:27.292 CALL SKOrderLib_Initialize() 
2018/09/28 01:11:27.431 SKOrderLib_GetLoginType()
2018/09/28 01:11:27.431 GetOverseaCount( )
2018/09/28 01:11:27.479 GetOverseaOptions( )
2018/09/28 01:11:36.714 CALL GetUserAccount() 
2018/09/28 01:11:36.714 Account: TF,F020000,B30,3030194,Y220362012,オド获,0
2018/09/28 01:11:36.746 Account: OF,F020000,B30,3030194,Y220362012,オド获,0
2018/09/28 01:11:36.750 SKOrderLib_GetSpeedyType()
2018/09/28 01:11:36.754 CALL SKOrderLib_ReadCertByID(Y220362012)
2018/09/28 01:11:37.218 GetOverseaFutureOpenInterest( Y220362012,F0200003030194)
2018/09/28 01:11:44.171 GetOpenInterest( Y220362012,F0200003030194)
2018/09/28 05:51:47.255 SKOrderLib_GetLoginType()
2018/09/28 05:51:47.255 GetOverseaCount( )
2018/09/28 05:51:47.303 GetOverseaOptions( )
2018/09/28 05:51:56.516 CALL GetUserAccount() 
2018/09/28 05:51:56.516 Account: TF,F020000,B30,3030194,Y220362012,オド获,0
2018/09/28 05:51:56.516 Account: OF,F020000,B30,3030194,Y220362012,オド获,0
2018/09/28 05:51:56.516 SKOrderLib_GetSpeedyType()
2018/09/28 05:51:56.516 CALL SKOrderLib_ReadCertByID(Y220362012)
2018/09/28 05:51:56.704 GetOverseaFutureOpenInterest( Y220362012,F0200003030194)
2018/09/28 05:52:02.815 GetOpenInterest( Y220362012,F0200003030194)
2018/09/28 09:00:05.586 SendFutureOrderAsync   Account:F0200003030194, StockNo:MTX10 TradeType:0 DayTrade:0 BuySell:0 Price:11018 Qty:1)
2018/09/28 09:45:01.819 SendFutureOrderAsync   Account:F0200003030194, StockNo:MTX10 TradeType:0 DayTrade:0 BuySell:0 Price:11040 Qty:2)
2018/09/28 10:50:01.843 SendFutureOrderAsync   Account:F0200003030194, StockNo:MTX10 TradeType:0 DayTrade:0 BuySell:1 Price:10948 Qty:2)
