------------------------------------------
2018/09/28 01:11:27.489 SKReplyLib_ConnectByID ( Y220362012 )
2018/09/28 01:11:36.674 連線
2018/09/28 01:11:36.702 SK_SUBJECT_CONNECTION_CONNECTED，Code: 0
2018/09/28 01:11:36.710 GetFutureOrderID
2018/09/28 01:11:36.710 SKReplyLib_ConnectByID Solace
2018/09/28 01:11:36.734 [S04] Count:0
2018/09/28 01:11:37.038 [S27] Done
2018/09/28 01:11:37.038 RequestReports
2018/09/28 01:11:37.074 Market:R1 Status:2
2018/09/28 01:11:37.090 reset:R1/Y220362012/P
2018/09/28 01:11:37.090 reset:R1/Y220362012/O
2018/09/28 01:11:37.090 reset:R1/Y220362012/D
2018/09/28 01:11:37.098 OnSolaceReplyConnection，ID: Y220362012 , Code: 0
2018/09/28 01:11:37.106 Market:R3 Status:2
2018/09/28 01:11:37.106 reset:R3/Y220362012/P
2018/09/28 01:11:37.106 reset:R3/Y220362012/O
2018/09/28 01:11:37.106 reset:R3/Y220362012/D
2018/09/28 01:11:37.118 Market:R4 Status:2
2018/09/28 01:11:37.118 reset:R4/Y220362012/O
2018/09/28 01:11:37.118 reset:R4/Y220362012/D
2018/09/28 01:11:37.130 Market:R2 Status:2
2018/09/28 01:11:37.130 reset:R2/Y220362012/P
2018/09/28 01:11:37.130 reset:R2/Y220362012/O
2018/09/28 01:11:37.130 reset:R2/Y220362012/D
2018/09/28 01:11:37.138 訂完整cache:R1/Y220362012/P
2018/09/28 01:11:37.138 訂完整cache:R1/Y220362012/O
2018/09/28 01:11:37.138 訂完整cache:R1/Y220362012/D
2018/09/28 01:11:37.138 訂完整cache:R3/Y220362012/P
2018/09/28 01:11:37.138 訂完整cache:R3/Y220362012/O
2018/09/28 01:11:37.138 訂完整cache:R3/Y220362012/D
2018/09/28 01:11:37.138 訂完整cache:R4/Y220362012/O
2018/09/28 01:11:37.138 訂完整cache:R4/Y220362012/D
2018/09/28 01:11:37.162 訂完整cache:R2/Y220362012/P
2018/09/28 01:11:37.162 訂完整cache:R2/Y220362012/O
2018/09/28 01:11:37.162 訂完整cache:R2/Y220362012/D
2018/09/28 01:11:37.190 OnComplete()
2018/09/28 01:11:38.149 OnComplete Event  Execute Successed 
2018/09/28 05:31:37.890 Market:R4 Status:1
2018/09/28 05:31:38.562 Market:R4 Status:2
2018/09/28 05:31:38.566 OnReplyClear()
2018/09/28 05:51:37.229 SKReplyLib_SolaceCloseByID(Y220362012) 
2018/09/28 05:51:37.249 OnSolaceReplyDisConnect，ID: Y220362012 , Code: 3002
2018/09/28 05:51:47.307 SKReplyLib_ConnectByID ( Y220362012 )
2018/09/28 05:51:56.480 連線
2018/09/28 05:51:56.508 SK_SUBJECT_CONNECTION_CONNECTED，Code: 0
2018/09/28 05:51:56.516 GetFutureOrderID
2018/09/28 05:51:56.516 SKReplyLib_ConnectByID Solace
2018/09/28 05:51:56.516 OnSolaceReplyConnection，ID: Y220362012 , Code: 0
2018/09/28 05:51:56.536 [S04] Count:3386
2018/09/28 05:51:56.536 [S27] Done
2018/09/28 05:51:56.536 RequestReports
2018/09/28 05:51:56.560 Market:R1 Status:2
2018/09/28 05:51:56.560 reset:R1/Y220362012/P
2018/09/28 05:51:56.560 reset:R1/Y220362012/O
2018/09/28 05:51:56.560 reset:R1/Y220362012/D
2018/09/28 05:51:56.580 Market:R2 Status:2
2018/09/28 05:51:56.580 reset:R2/Y220362012/P
2018/09/28 05:51:56.580 reset:R2/Y220362012/O
2018/09/28 05:51:56.580 reset:R2/Y220362012/D
2018/09/28 05:51:56.596 Market:R3 Status:2
2018/09/28 05:51:56.596 reset:R3/Y220362012/P
2018/09/28 05:51:56.596 reset:R3/Y220362012/O
2018/09/28 05:51:56.596 reset:R3/Y220362012/D
2018/09/28 05:51:56.616 Market:R4 Status:2
2018/09/28 05:51:56.616 訂完整cache:R1/Y220362012/P
2018/09/28 05:51:56.616 訂完整cache:R1/Y220362012/O
2018/09/28 05:51:56.616 訂完整cache:R1/Y220362012/D
2018/09/28 05:51:56.616 訂完整cache:R2/Y220362012/P
2018/09/28 05:51:56.616 訂完整cache:R2/Y220362012/O
2018/09/28 05:51:56.616 訂完整cache:R2/Y220362012/D
2018/09/28 05:51:56.632 訂完整cache:R3/Y220362012/P
2018/09/28 05:51:56.632 訂完整cache:R3/Y220362012/O
2018/09/28 05:51:56.632 訂完整cache:R3/Y220362012/D
2018/09/28 05:51:56.652 OnComplete()
2018/09/28 05:51:56.712 OnComplete Event  Execute Successed 
2018/09/28 06:00:59.900 OnReplyClearMessage()
2018/09/28 06:11:44.193 Market:R1 Status:1
2018/09/28 06:11:47.592 Market:R1 Status:2
2018/09/28 06:11:47.592 OnReplyClear()
2018/09/28 06:56:07.518 Market:R3 Status:1
2018/09/28 06:56:08.177 Market:R3 Status:2
2018/09/28 06:56:08.177 OnReplyClear()
2018/09/28 07:01:49.384 Market:R2 Status:1
2018/09/28 07:02:19.472 Market:R2 Status:2
2018/09/28 07:02:19.472 OnReplyClear()
2018/09/28 09:00:05.852 [Find]MXFJ8
2018/09/28 09:00:05.852 [Find]:MTX10
2018/09/28 09:00:05.852 [Find]MXFJ8
2018/09/28 09:00:05.852 [Find]:MTX10
2018/09/28 09:00:05.930 0709283010023,TF,N,N,F020000,3030194,BOR2,TW,MTX10,,k0298,11018.0000,,,,,,,,,1,,,20180928,09:00:05,,0000000,0190,5,20180928,2110000040075,A,FIMTX,201810,,,,,,,A,20180928,,
2018/09/28 09:00:05.930 [Find]MXFJ8
2018/09/28 09:00:05.946 [Find]:MTX10
2018/09/28 09:00:05.946 [Find]MXFJ8
2018/09/28 09:00:05.946 [Find]:MTX10
2018/09/28 09:00:05.992 0709283010023,TF,D,N,F020000,3030194,BOR2,TW,MTX10,,k0298,11018.000000,,,,,,,,,1,,,20180928,09:00:05,,0000000,0190,5,20180928,2120000007635,A,FIMTX,201810,,,,,0000000058,,A,20180928,,
2018/09/28 09:45:02.053 [Find]MXFJ8
2018/09/28 09:45:02.053 [Find]:MTX10
2018/09/28 09:45:02.053 [Find]MXFJ8
2018/09/28 09:45:02.053 [Find]:MTX10
2018/09/28 09:45:02.053 0709283051511,TF,N,N,F020000,3030194,BNR2,TW,MTX10,,x0962,11040.0000,,,,,,,,,2,,,20180928,09:45:02,,0000000,0190,5,20180928,2110000215858,A,FIMTX,201810,,,,,,,A,20180928,,
2018/09/28 09:45:02.053 [Find]MXFJ8
2018/09/28 09:45:02.053 [Find]:MTX10
2018/09/28 09:45:02.053 [Find]MXFJ8
2018/09/28 09:45:02.053 [Find]:MTX10
2018/09/28 09:45:02.053 0709283051511,TF,D,N,F020000,3030194,BNR2,TW,MTX10,,x0962,11038.000000,,,,,,,,,2,,,20180928,09:45:02,,0000000,0190,5,20180928,2120000016115,A,FIMTX,201810,,,,,0000000165,,A,20180928,,
2018/09/28 10:50:01.999 [Find]MXFJ8
2018/09/28 10:50:01.999 [Find]:MTX10
2018/09/28 10:50:01.999 [Find]MXFJ8
2018/09/28 10:50:01.999 [Find]:MTX10
2018/09/28 10:50:01.999 0709283104488,TF,N,N,F020000,3030194,SOR2,TW,MTX10,,o1843,10948.0000,,,,,,,,,2,,,20180928,10:50:01,,0000000,0190,5,20180928,2110000443521,A,FIMTX,201810,,,,,,,A,20180928,,
2018/09/28 10:50:01.999 [Find]MXFJ8
2018/09/28 10:50:01.999 [Find]:MTX10
2018/09/28 10:50:01.999 [Find]MXFJ8
2018/09/28 10:50:01.999 [Find]:MTX10
2018/09/28 10:50:01.999 0709283104488,TF,D,N,F020000,3030194,SOR2,TW,MTX10,,o1843,10950.000000,,,,,,,,,2,,,20180928,10:50:01,,0000000,0190,5,20180928,2120000029697,A,FIMTX,201810,,,,,0000000451,,A,20180928,,
