2018/09/28 00:09:47:220153 版本: Cubic.CSTC 3.0.6766.25748 Release 
2018/09/28 00:09:47:208155 DeleteTrader:1006890240
2018/09/28 00:11:25:144691 未完成的委託：0筆
2018/09/28 00:11:25:196686 清除洗價機委託(MCTP_)All
2018/09/28 00:11:25:204683 DeleteTrader(1006890240)
2018/09/28 00:11:25:204683 DeleteTrader(1006890240)
2018/09/28 00:11:25:208663 Disconnect() 切斷連線
2018/09/28 00:11:25:236656 [群益正式] Disconnect:Y220362012
2018/09/28 00:11:25:256651 [群益正式] OnSolaceReplyDisconnect：【Y220362012】,【3002】
2018/09/28 00:11:25:256651 [群益正式] Y220362012:連線中斷_3002
2018/09/28 00:11:25:256651 [群益正式] 清除庫存查詢Queue
2018/09/28 00:11:25:256651 [群益正式] Y220362012重設SelfDisconnect
2018/09/28 00:11:25:256651 [群益正式] Reconnecting
2018/09/28 00:11:25:256651 [群益正式] 10秒後【Y220362012】進行重新連線 
2018/09/28 00:11:25:260649 [群益正式] CapitalConnection Dispoase
2018/09/28 00:11:25:300641 [群益正式] TF等待查詢的帳號還有:0個
2018/09/28 00:11:26:060617 MTPA Plugin Uninitialize() 插件結束中...
2018/09/28 00:11:26:064619  DataFeedThreadAbort
2018/09/28 00:11:26:086342 Trading Center 結束中...
2018/09/28 01:05:16:232429 版本: Cubic.CSTC 3.0.6766.25748 Release 
2018/09/28 01:05:16:724306 版本: CapitalMCTP64 1.9.18.18228 Release Build @ 2000/1/19 上午 10:07:36
2018/09/28 01:05:18:251922 Broker connection added: 群益正式
2018/09/28 01:05:18:267919 Cubic.CSTC.TW: Markets initialized!
2018/09/28 01:05:18:267919 Broker connection added: 群益模擬
2018/09/28 01:05:18:279917 CapitalOEM
2018/09/28 01:05:18:283917 MTPA Plugin Initialize() 插件建立中...:1
2018/09/28 01:05:18:467872 庫存更新設定：庫存更新方式【全自動】,舊約平倉單交易型態【自動】
2018/09/28 01:05:18:467872 轉倉設定：是否強制轉倉【False】,強制轉倉時間【1326】
2018/09/28 01:05:18:467872 帳戶【--】,商品【EXF】,月份模組【預設轉倉】,轉倉方式【跨月價差委託】,商品市場【台期】
2018/09/28 01:05:18:467872 帳戶【--】,商品【FXF】,月份模組【預設轉倉】,轉倉方式【跨月價差委託】,商品市場【台期】
2018/09/28 01:05:18:467872 帳戶【--】,商品【MXF】,月份模組【預設轉倉】,轉倉方式【跨月價差委託】,商品市場【台期】
2018/09/28 01:05:18:467872 帳戶【--】,商品【TXF】,月份模組【預設轉倉】,轉倉方式【跨月價差委託】,商品市場【台期】
2018/09/28 01:05:18:467872 帳戶【F020000-3030194-B30】,商品【EXF】,月份模組【預設轉倉】,轉倉方式【跨月價差委託】,商品市場【台期】
2018/09/28 01:05:18:467872 帳戶【F020000-3030194-B30】,商品【FXF】,月份模組【預設轉倉】,轉倉方式【跨月價差委託】,商品市場【台期】
2018/09/28 01:05:18:467872 帳戶【F020000-3030194-B30】,商品【MXF】,月份模組【預設轉倉】,轉倉方式【跨月價差委託】,商品市場【台期】
2018/09/28 01:05:18:467872 帳戶【F020000-3030194-B30】,商品【TXF】,月份模組【預設轉倉】,轉倉方式【跨月價差委託】,商品市場【台期】
2018/09/28 01:05:18:467872 換月模組設定：
2018/09/28 01:05:18:471868 預設轉倉：0,20180815,201809|0,20180919,201810|0,20181017,201811|0,20181121,201812|0,20181219,201901
2018/09/28 01:05:18:863769 Trading Center 建立中...
2018/09/28 01:05:18:863769  mcdfGuide.Start...:1
2018/09/28 01:05:18:871768  DataFeedThreadStart
2018/09/28 01:05:18:879768 mcdfGuide state[BeginPipeConnect],[onBeginConnecting CapitalGuidePipe64]
2018/09/28 01:05:18:879768 mcdfGuide state[PipeConnectOK],[onBeginPipeConnecOK]
2018/09/28 01:05:18:879768 GuideState.ConnectSuccess(v2)ORDER_CF
2018/09/28 01:05:18:935764 mcdfGuide state[Logoning],[onBeginLogon ID:F0200005248 開始登入]
2018/09/28 01:05:18:935764 01:05:18:871768 DataFeedThread 啟動
2018/09/28 01:05:18:951749 mcdfGuide state[LogonSuccess],[onLogonOK 登入成功]
2018/09/28 01:05:18:951749 設定為專業版(v2)
2018/09/28 01:05:18:959745 mcdfGuide state[LogonSuccess],[onLogonOK 登入成功]
2018/09/28 01:05:18:959745 設定為專業版(v2)
2018/09/28 01:11:26:692539 GetSymbolMaps
2018/09/28 01:11:26:736530 策略模組:專業版預設交易模組, 主圖商品:EXF1,下單商品:EXF.1810
2018/09/28 01:11:26:736530 策略模組:專業版預設交易模組, 主圖商品:FXF1,下單商品:FXF.1810
2018/09/28 01:11:26:736530 策略模組:專業版預設交易模組, 主圖商品:MXF1,下單商品:MXF.1810
2018/09/28 01:11:26:736530 策略模組:專業版預設交易模組, 主圖商品:TXF1,下單商品:TXF.1810
2018/09/28 01:11:26:744525 ConnectionState: Connecting
2018/09/28 01:11:26:756523 Connect() 連線建立中...
2018/09/28 01:11:26:804510 [群益正式] Y220362012Add to EventHandle
2018/09/28 01:11:26:817033 [群益正式] 委託警示值:20
2018/09/28 01:11:26:821013 [群益正式] : Connecting...
2018/09/28 01:11:27:431398 [群益正式] OrderInitialize完成
2018/09/28 01:11:36:710201 [群益正式] 回報帳號連線完成
2018/09/28 01:11:36:710201 [群益正式] 帳號類型=0
2018/09/28 01:11:36:734192 [群益正式] OnAccountWithLoginID:Y220362012:TF,F020000,B30,3030194,Y220362012,左玉鳳,0
2018/09/28 01:11:36:746194 [群益正式] OnAccountWithLoginID:Y220362012:OF,F020000,B30,3030194,Y220362012,左玉鳳,0
2018/09/28 01:11:37:062111 [群益正式] Y220362012憑證讀取完成
2018/09/28 01:11:37:062111 [群益正式] 取得帳號完成
2018/09/28 01:11:37:082106 [群益正式] OnSolaceReplyConnect：Y220362012,0
2018/09/28 01:11:37:194088 [群益正式] 【Y220362012】 OnComplete01:11:37
2018/09/28 01:11:37:198089 SetAccReady() 連線成功!
2018/09/28 01:11:37:198089 ConnectionState: AccReady
2018/09/28 01:11:37:214071 [群益正式] Y220362012_F020000-3030194-B30 庫存查詢:True
2018/09/28 01:11:37:218071 [群益正式] Y220362012 CheckInvertory is QueryNextAcc:False
2018/09/28 01:11:37:222081 [群益正式] 3030194海外期貨庫存查詢3
2018/09/28 01:11:37:222081 [群益正式] RF等待查詢的帳號還有:1個
2018/09/28 01:11:37:242064 ConnectionReady! 可以下單了!
2018/09/28 01:11:38:149837 [群益正式] Y220362012:連線成功 
2018/09/28 01:11:38:153836 [群益正式] Y220362012_@@,0,查詢完畢!!                                                                    
2018/09/28 01:11:38:153836 [群益正式] Y220362012_##
2018/09/28 01:11:38:153836 [群益正式] Y220362012 CheckInvertory is QueryNextAcc:True
2018/09/28 01:11:38:197825 SubscribeData:0|TAIFEX|MXF1|2009/10/31|50|MXF
2018/09/28 01:11:38:269807 Ark Subscribe Symbol:MXF1
2018/09/28 01:11:38:277821 Ark Subscribe new Proxy:MXF1
2018/09/28 01:11:38:277821 SubscribeData:0|TAIFEX|MXF1|2009/10/31|50|MXF
2018/09/28 01:11:38:277821 Ark Subscribe Symbol:MXF1
2018/09/28 01:11:44:171445 [群益正式] 3030194期貨庫存查詢3
2018/09/28 01:11:44:171445 [群益正式] TF等待查詢的帳號還有:0個
2018/09/28 01:11:44:255441 [群益正式] Y220362012_TF,F0200003030194,MTX10,S,1,0,10834000,50,90,0.2
2018/09/28 01:11:44:323405 [群益正式] Y220362012_##,,,,,,,,,,,,,,,,,,,,,,,,,,,,,,,,,,,,,,,,,,,,,,,,,,
2018/09/28 01:11:44:323405 [群益正式] Y220362012 CheckInvertory is QueryNextAcc:True
2018/09/28 05:51:37:225751 [群益正式] : Reconnecting...
2018/09/28 05:51:37:225751 ConnectionState: RetryConnecting
2018/09/28 05:51:37:241748 [群益正式] OnSolaceReplyDisconnect：【Y220362012】,【3002】
2018/09/28 05:51:37:245748 [群益正式] Y220362012:連線中斷_3002
2018/09/28 05:51:37:249741 [群益正式] 清除庫存查詢Queue
2018/09/28 05:51:37:249741 [群益正式] Y220362012重設SelfDisconnect
2018/09/28 05:51:37:249741 [群益正式] Reconnecting
2018/09/28 05:51:37:249741 [群益正式] 10秒後【Y220362012】進行重新連線 
2018/09/28 05:51:47:255257 05:51:47:255257 [群益正式] 重建連線
2018/09/28 05:51:47:255257 [群益正式] : Reconnecting2...
2018/09/28 05:51:47:255257 [群益正式] OrderInitialize完成
2018/09/28 05:51:56:516937 [群益正式] 回報帳號連線完成
2018/09/28 05:51:56:516937 [群益正式] 帳號類型=0
2018/09/28 05:51:56:516937 [群益正式] OnAccountWithLoginID:Y220362012:TF,F020000,B30,3030194,Y220362012,左玉鳳,0
2018/09/28 05:51:56:516937 [群益正式] OnAccountWithLoginID:Y220362012:OF,F020000,B30,3030194,Y220362012,左玉鳳,0
2018/09/28 05:51:56:516937 [群益正式] Y220362012憑證讀取完成
2018/09/28 05:51:56:516937 [群益正式] 取得帳號完成
2018/09/28 05:51:56:516937 [群益正式] OnSolaceReplyConnect：Y220362012,0
2018/09/28 05:51:56:652902 [群益正式] 【Y220362012】 OnComplete05:51:56
2018/09/28 05:51:56:656901 SetAccReady() 連線成功!
2018/09/28 05:51:56:656901 ConnectionState: AccReady
2018/09/28 05:51:56:704869 [群益正式] Y220362012_F020000-3030194-B30 庫存查詢:True
2018/09/28 05:51:56:704869 [群益正式] Y220362012 CheckInvertory is QueryNextAcc:False
2018/09/28 05:51:56:704869 [群益正式] 3030194海外期貨庫存查詢3
2018/09/28 05:51:56:704869 [群益正式] RF等待查詢的帳號還有:1個
2018/09/28 05:51:56:704869 ConnectionReady! 可以下單了!
2018/09/28 05:51:56:712860 [群益正式] Y220362012:連線成功 
2018/09/28 05:51:56:804865 [群益正式] Y220362012_@@,0,查詢完畢!!                                                                    
2018/09/28 05:51:56:808840 [群益正式] Y220362012_##
2018/09/28 05:51:56:808840 [群益正式] Y220362012 CheckInvertory is QueryNextAcc:True
2018/09/28 05:52:02:815381 [群益正式] 3030194期貨庫存查詢3
2018/09/28 05:52:02:815381 [群益正式] TF等待查詢的帳號還有:0個
2018/09/28 05:52:02:899349 [群益正式] Y220362012_TF,F0200003030194,MTX10,S,1,0,10834000,50,90,0.2
2018/09/28 05:52:02:903331 [群益正式] Y220362012_##,,,,,,,,,,,,,,,,,,,,,,,,,,,,,,,,,,,,,,,,,,,,,,,,,,
2018/09/28 05:52:02:903331 [群益正式] Y220362012 CheckInvertory is QueryNextAcc:True
2018/09/28 09:00:05:321119 Order Price 11016/11016
2018/09/28 09:00:05:321119 [1231208224] 市價:11017
2018/09/28 09:00:05:383612 [1231208224] CreateTrader(專業版預設交易模組,F020000-3030194-B30,MXF1)
2018/09/28 09:00:05:383612 [1231208224]委託模組=【專業版預設交易模組】
2018/09/28 09:00:05:383612 [1231208224]自動拆單=【False】/口數=【0】；成交回報=以【委託價】回報；組合單回報=【完全成交】；選擇權加強功能=【停用】
2018/09/28 09:00:05:383612 [1231208224]限價單：【不預掛單】
2018/09/28 09:00:05:383612 [1231208224]停止單：【不預掛單】
2018/09/28 09:00:05:383612 [1231208224]市價單：【委託送出後立即以委託價回報】，以參考價±【2】點執行 ，【3】秒後，未成交數量自動【改為市價單】
2018/09/28 09:00:05:383612 [1231208224]禁止MC呼叫切斷連線:【False】；切斷連線前檢查未成交的委託:【True】； 收到行情報價前，禁止送出手動委託:【True】； 是否檢查手動平倉反轉單:【True】； 是否只交易T盤【False】 
2018/09/28 09:00:05:383612 [1231208224]是否檢查洗價價格異常:【True】，範圍為委託價上下【50】%
2018/09/28 09:00:05:383612 [1231208224]是否以下單商品做為洗價行情商品:【True】
2018/09/28 09:00:05:399239 [1231208224:134][專業版預設交易模組]PlaceOrder(B $11016停止x1 Exit) Add Disabled Order 接受委託,但不送單!
2018/09/28 09:00:05:414848 [134]Y220362012傳送APP訊息Buy Stop (11016/0) x1 Idle
2018/09/28 09:00:05:446108 [1231208224:134]NewOrder： MCTraderId[1231208224], APTraderID[1231208224], MCOrderID[134]
2018/09/28 09:00:05:461759 [1231208224:134]不預掛單回報MC委託成功
2018/09/28 09:00:05:461759 [1231208224:134]回報MC委託狀態更新：eMTPA_OS_Submitted_ThreadID:1
2018/09/28 09:00:05:461759 @0|TAIFEX|MXF1|2009/10/31|50|MXF/F020000-3030194-B30/134/11016/11016/eMTPA_OS_Submitted/0/0/0/
2018/09/28 09:00:05:461759 [1231208224:134]回報MC結束
2018/09/28 09:00:05:477358 [1231208224:134]Multicharts CancelOrder傳送中...
2018/09/28 09:00:05:477358 [1231208224:134]ModifyOrderStateChange:False
2018/09/28 09:00:05:492983 [1231208224:134]Is ModifyOrder=False | DisableOrderState=CancelSending 
2018/09/28 09:00:05:492983 [1231208224:134] WM 狀態修改 CancelSending to Canceled
2018/09/28 09:00:05:492983 APOrder Canceled: [1231208224:134][專業版預設交易模組]委託刪單1(原委1/成交0/失敗0)
2018/09/28 09:00:05:492983 [134]Y220362012傳送APP訊息Buy Stop (11016/0) x1 Canceled
2018/09/28 09:00:05:492983 [1231208224:134] isAPOrderChanged:True | this Canceled x1 | APOrder WorkedLeaveQty x-1 | 
2018/09/28 09:00:05:492983 洗價機中的委託： 下單機洗價中的Orders：[134: Canceled] | 
2018/09/28 09:00:05:492983 [1231208224:134]CancelOrder() 已刪單!
2018/09/28 09:00:05:492983 09:00:05:477358 [1231208224:134]Market 委託修改中(B stop/stoplimit)，市價：11017，OrderState：None
2018/09/28 09:00:05:492983 09:00:05:477358 [1231208224:134]Market 洗價取消狀態設定
2018/09/28 09:00:05:492983 09:00:05:477358 [1231208224:134]Marker Preparation SendNewOrder傳送中1
2018/09/28 09:00:05:492983 09:00:05:477358 [1231208224:134]Marker SendNewOrder結束
2018/09/28 09:00:05:492983 09:00:05:477358 [1231208224:134]Market 結束
2018/09/28 09:00:05:508604 [1231208224:134][專業版預設交易模組]MarketCancelOrder 傳送中1
2018/09/28 09:00:05:508604 [1231208224:134]CancelOrder() 刪單失敗! 找不到 apOrderID?
2018/09/28 09:00:05:508604 [1231208224:134][專業版預設交易模組]MarketSendNewOrder 傳送中1
2018/09/28 09:00:05:571100 [1231208224:135][專業版預設交易模組]PlaceOrder(B $市價x1 Exit) (價格倍數：1 倍，支援停止限價商品讓價(外)：0) (價格調整：PlaceOrder(B $11018x1 Exit) )傳送中...
2018/09/28 09:00:05:602348 [群益正式] SendFutureOrder(F0200003030194,MTX10,0,0,0,11018,1)
2018/09/28 09:00:05:617972 [群益正式] 加入sendingOrders AXWorkId=1396
2018/09/28 09:00:05:649219 [群益正式] SendOrders Count:1
2018/09/28 09:00:05:649219 [1231208224:135][專業版預設交易模組][期外-F020000-3030194-B30-左玉鳳/MXF.1810/B][$11018x1 Auto]券商委託傳送中...
2018/09/28 09:00:05:649219 [135]Y220362012傳送APP訊息Buy Limit (11016/0) x1 Sending
2018/09/28 09:00:05:649219 [1231208224:135][134] OldAPOrderID=[134]
2018/09/28 09:00:05:649219 09:00:05:508604 WM 移除Order 134
2018/09/28 09:00:05:649219 [1231208224:134]回報MC委託狀態更新：eMTPA_OS_Cancelled_ThreadID:1
2018/09/28 09:00:05:649219 @0|TAIFEX|MXF1|2009/10/31|50|MXF/F020000-3030194-B30/134/11016/11016/eMTPA_OS_Cancelled/0/0/0/
2018/09/28 09:00:05:649219 [1231208224:134]回報MC結束
2018/09/28 09:00:05:883573 [群益正式] OnNewData:0709283010023,TF,N,N,F020000,3030194,BOR2,TW,MTX10,,k0298,11018.0000,,,,,,,,,1,,,20180928,09:00:05,,0000000,0190,5,20180928,2110000040075,A,FIMTX,201810,,,,,,,A,20180928,,
2018/09/28 09:00:05:946067 [群益正式] 【Y220362012】AsyncReport:【1396】, nCode：【0】, Msg【0709283010023】
2018/09/28 09:00:05:946067 [群益正式] dwThreadID=1396,nCode=0,Msg=0709283010023
2018/09/28 09:00:05:961687 [群益正式] OnOrdResult(1396,0709283010023|0000|委託已傳送0:SK_SUCCESS:0709283010023)
2018/09/28 09:00:05:961687 [群益正式] SendOrders Count:0
2018/09/28 09:00:05:977310 [1231208224:135]OnOrderSubmited
2018/09/28 09:00:05:977310 [1231208224:135]回報MC委託狀態更新：eMTPA_OS_Submitted_ThreadID:1
2018/09/28 09:00:05:977310 @0|TAIFEX|MXF1|2009/10/31|50|MXF/F020000-3030194-B30/134/11016/11016/eMTPA_OS_Submitted/0/0/0/k0298
2018/09/28 09:00:05:977310 [1231208224:135]回報MC結束
2018/09/28 09:00:05:977310 APOrder Submitted: [1231208224:135][專業版預設交易模組][期外-F020000-3030194-B30-左玉鳳/MXF.1810/B]委託成功1(成交0/失敗0):券商量1
2018/09/28 09:00:05:977310 [135]Y220362012傳送APP訊息Buy Limit (11016/0) x1 Submitted
2018/09/28 09:00:05:977310 [1231208224:134] isAPOrderChanged:True | this Filledx1 | APOrder WorkedLeaveQtyx0 | 
2018/09/28 09:00:05:977310 [1231208224:135]回報MC委託狀態更新：eMTPA_OS_Filled_ThreadID:1
2018/09/28 09:00:05:977310 @0|TAIFEX|MXF1|2009/10/31|50|MXF/F020000-3030194-B30/134/11016/11016/eMTPA_OS_Filled/1/11016/11016/k0298
2018/09/28 09:00:05:977310 [1231208224:135]回報MC結束
2018/09/28 09:00:05:977310 [1231208224:135] OnOrderFill PositionUpdata
2018/09/28 09:00:05:992934 APOrder Filled: [1231208224:135][專業版預設交易模組][期外-F020000-3030194-B30-左玉鳳/MXF.1810/B]成交[$11016x1]券商總成交$11016x1, 此次:$11016x1 時間:--:--:-- 委託成功時虛擬成交(請另外檢查是否成交)
2018/09/28 09:00:05:992934 [庫存異動][F020000-3030194-B30/MXF.1810@0] AddMatchQty x1, Order.OrigBookingQuantity x0
2018/09/28 09:00:05:992934 [135]Y220362012傳送APP訊息Buy Limit (11016/0) x1 FullFilled
2018/09/28 09:00:05:992934 [群益正式] SendingOrderFinish
2018/09/28 09:00:05:992934 [群益正式] OnNewData:0709283010023,TF,D,N,F020000,3030194,BOR2,TW,MTX10,,k0298,11018.000000,,,,,,,,,1,,,20180928,09:00:05,,0000000,0190,5,20180928,2120000007635,A,FIMTX,201810,,,,,0000000058,,A,20180928,,
2018/09/28 09:00:05:992934 [群益正式] OnOrdMatF :0709283010023
2018/09/28 09:00:05:992934 [群益正式] OnOrdMatF:0709283010023,k0298
2018/09/28 09:00:05:992934 [群益正式] OnOrdMatF(0709283010023,1,11018.000000)
2018/09/28 09:00:08:574458 [1231208224:135][專業版預設交易模組]Time to change market price.
2018/09/28 09:00:08:574458 [1231208224:135][專業版預設交易模組][期外-F020000-3030194-B30-左玉鳳/MXF.1810/B]委託已成交
2018/09/28 09:45:01:819125 Order Price 0/11038
2018/09/28 09:45:01:819125 [1231208224] 市價:11038
2018/09/28 09:45:01:819125 [1231208224]MC_SOrderPrice(Stop//Limit//Tag):11038//0//0
2018/09/28 09:45:01:819125 [1231208224]市價單委託參考價:11038
2018/09/28 09:45:01:819125 [1231208224:136][專業版預設交易模組]PlaceOrder(B $市價x2 Entry) (價格倍數：1 倍，支援停止限價商品讓價(外)：0) (價格調整：PlaceOrder(B $11040x2 Entry) )傳送中...
2018/09/28 09:45:01:834732 [群益正式] SendFutureOrder(F0200003030194,MTX10,0,0,0,11040,2)
2018/09/28 09:45:01:834732 [群益正式] 加入sendingOrders AXWorkId=7656
2018/09/28 09:45:01:834732 [群益正式] SendOrders Count:1
2018/09/28 09:45:01:834732 [1231208224:136][專業版預設交易模組][期外-F020000-3030194-B30-左玉鳳/MXF.1810/B][$11040x2 Auto]券商委託傳送中...
2018/09/28 09:45:01:834732 [136]Y220362012傳送APP訊息Buy Limit (11038/0) x2 Sending
2018/09/28 09:45:01:834732 [1231208224:136]NewOrder： MCTraderId[1231208224], APTraderID[1231208224], MCOrderID[136]
2018/09/28 09:45:01:990983 [群益正式] 【Y220362012】AsyncReport:【7656】, nCode：【0】, Msg【0709283051511】
2018/09/28 09:45:01:990983 [群益正式] dwThreadID=7656,nCode=0,Msg=0709283051511
2018/09/28 09:45:01:990983 [群益正式] OnOrdResult(7656,0709283051511|0000|委託已傳送0:SK_SUCCESS:0709283051511)
2018/09/28 09:45:01:990983 [群益正式] SendOrders Count:0
2018/09/28 09:45:01:990983 [群益正式] SendingOrderFinish
2018/09/28 09:45:02:053482 [群益正式] OnNewData:0709283051511,TF,N,N,F020000,3030194,BNR2,TW,MTX10,,x0962,11040.0000,,,,,,,,,2,,,20180928,09:45:02,,0000000,0190,5,20180928,2110000215858,A,FIMTX,201810,,,,,,,A,20180928,,
2018/09/28 09:45:02:053482 [1231208224:136]OnOrderSubmited
2018/09/28 09:45:02:053482 [1231208224:136]回報MC委託狀態更新：eMTPA_OS_Submitted_ThreadID:1
2018/09/28 09:45:02:053482 @0|TAIFEX|MXF1|2009/10/31|50|MXF/F020000-3030194-B30/136/0/11038/eMTPA_OS_Submitted/0/0/0/x0962
2018/09/28 09:45:02:053482 [1231208224:136]回報MC結束
2018/09/28 09:45:02:053482 APOrder Submitted: [1231208224:136][專業版預設交易模組][期外-F020000-3030194-B30-左玉鳳/MXF.1810/B]委託成功2(成交0/失敗0):券商量2
2018/09/28 09:45:02:053482 [136]Y220362012傳送APP訊息Buy Limit (11038/0) x2 Submitted
2018/09/28 09:45:02:053482 [1231208224:136] isAPOrderChanged:True | this Filledx2 | APOrder WorkedLeaveQtyx0 | 
2018/09/28 09:45:02:053482 [1231208224:136]回報MC委託狀態更新：eMTPA_OS_Filled_ThreadID:1
2018/09/28 09:45:02:053482 @0|TAIFEX|MXF1|2009/10/31|50|MXF/F020000-3030194-B30/136/0/11038/eMTPA_OS_Filled/2/11038/11038/x0962
2018/09/28 09:45:02:053482 [1231208224:136]回報MC結束
2018/09/28 09:45:02:053482 [1231208224:136] OnOrderFill PositionUpdata
2018/09/28 09:45:02:053482 APOrder Filled: [1231208224:136][專業版預設交易模組][期外-F020000-3030194-B30-左玉鳳/MXF.1810/B]成交[$11038x2]券商總成交$11038x2, 此次:$11038x2 時間:--:--:-- 委託成功時虛擬成交(請另外檢查是否成交)
2018/09/28 09:45:02:053482 [庫存異動][F020000-3030194-B30/MXF.1810@0] AddMatchQty x2, Order.OrigBookingQuantity x0
2018/09/28 09:45:02:053482 [136]Y220362012傳送APP訊息Buy Limit (11038/0) x2 FullFilled
2018/09/28 09:45:02:053482 [群益正式] OnNewData:0709283051511,TF,D,N,F020000,3030194,BNR2,TW,MTX10,,x0962,11038.000000,,,,,,,,,2,,,20180928,09:45:02,,0000000,0190,5,20180928,2120000016115,A,FIMTX,201810,,,,,0000000165,,A,20180928,,
2018/09/28 09:45:02:053482 [群益正式] OnOrdMatF :0709283051511
2018/09/28 09:45:02:053482 [群益正式] OnOrdMatF:0709283051511,x0962
2018/09/28 09:45:02:053482 [群益正式] OnOrdMatF(0709283051511,2,11038.000000)
2018/09/28 09:45:04:834542 [1231208224:136][專業版預設交易模組]Time to change market price.
2018/09/28 09:45:04:834542 [1231208224:136][專業版預設交易模組][期外-F020000-3030194-B30-左玉鳳/MXF.1810/B]委託已成交
2018/09/28 09:50:08:032515 Order Price 10858/10858
2018/09/28 09:50:08:032515 [1231208224] 市價:11034
2018/09/28 09:50:08:032515 [1231208224:137][專業版預設交易模組]PlaceOrder(S $10858停止x1 Exit) Add Disabled Order 接受委託,但不送單!
2018/09/28 09:50:08:032515 [137]Y220362012傳送APP訊息Sell Stop (10858/0) x1 Idle
2018/09/28 09:50:08:032515 [1231208224:137]NewOrder： MCTraderId[1231208224], APTraderID[1231208224], MCOrderID[137]
2018/09/28 09:50:08:032515 [1231208224:137]不預掛單回報MC委託成功
2018/09/28 09:50:08:032515 [1231208224:137]回報MC委託狀態更新：eMTPA_OS_Submitted_ThreadID:1
2018/09/28 09:50:08:032515 @0|TAIFEX|MXF1|2009/10/31|50|MXF/F020000-3030194-B30/137/10858/10858/eMTPA_OS_Submitted/0/0/0/
2018/09/28 09:50:08:032515 [1231208224:137]回報MC結束
2018/09/28 10:50:01:828128 [1231208224:137]Multicharts CancelOrder傳送中...
2018/09/28 10:50:01:828128 [1231208224:137]ModifyOrderStateChange:False
2018/09/28 10:50:01:828128 [1231208224:137]Is ModifyOrder=False | DisableOrderState=None 
2018/09/28 10:50:01:828128 [1231208224:137]回報MC委託狀態更新：eMTPA_OS_Cancelled_ThreadID:1
2018/09/28 10:50:01:828128 @0|TAIFEX|MXF1|2009/10/31|50|MXF/F020000-3030194-B30/137/10858/10858/eMTPA_OS_Cancelled/0/0/0/
2018/09/28 10:50:01:828128 [1231208224:137]回報MC結束
2018/09/28 10:50:01:828128 APOrder Canceled: [1231208224:137][專業版預設交易模組]委託刪單1(原委1/成交0/失敗0)
2018/09/28 10:50:01:828128 [137]Y220362012傳送APP訊息Sell Stop (10858/0) x1 Canceled
2018/09/28 10:50:01:828128 [1231208224:137] isAPOrderChanged:True | this Canceled x1 | APOrder WorkedLeaveQty x-1 | 
2018/09/28 10:50:01:828128 洗價機中的委託： 下單機洗價中的Orders：[137: None] | 
2018/09/28 10:50:01:828128 [1231208224:137]CancelOrder() 已刪單!
2018/09/28 10:50:01:828128 [1231208224:137]回報MC委託狀態更新：eMTPA_OS_Cancelled_ThreadID:1
2018/09/28 10:50:01:828128 @0|TAIFEX|MXF1|2009/10/31|50|MXF/F020000-3030194-B30/137/10858/10858/eMTPA_OS_Cancelled/0/0/0/
2018/09/28 10:50:01:828128 [1231208224:137]回報MC結束
2018/09/28 10:50:01:843721 10:50:01:843721 WM 移除Order 137
2018/09/28 10:50:01:843721 Order Price 0/10951
2018/09/28 10:50:01:843721 [1231208224] 市價:10950
2018/09/28 10:50:01:843721 [1231208224]MC_SOrderPrice(Stop//Limit//Tag):10951//0//0
2018/09/28 10:50:01:843721 [1231208224]市價單委託參考價:10950
2018/09/28 10:50:01:843721 [1231208224:138][專業版預設交易模組]PlaceOrder(S $市價x2 Entry) (價格倍數：1 倍，支援停止限價商品讓價(外)：0) (價格調整：PlaceOrder(S $10948x2 Entry) )傳送中...
2018/09/28 10:50:01:859348 [群益正式] SendFutureOrder(F0200003030194,MTX10,0,0,1,10948,2)
2018/09/28 10:50:01:859348 [群益正式] 加入sendingOrders AXWorkId=10560
2018/09/28 10:50:01:859348 [群益正式] SendOrders Count:1
2018/09/28 10:50:01:859348 [1231208224:138][專業版預設交易模組][期外-F020000-3030194-B30-左玉鳳/MXF.1810/S][$10948x2 Auto]券商委託傳送中...
2018/09/28 10:50:01:859348 [138]Y220362012傳送APP訊息Sell Limit (10950/0) x2 Sending
2018/09/28 10:50:01:859348 [1231208224:138]NewOrder： MCTraderId[1231208224], APTraderID[1231208224], MCOrderID[138]
2018/09/28 10:50:01:968726 [群益正式] 【Y220362012】AsyncReport:【10560】, nCode：【0】, Msg【0709283104488】
2018/09/28 10:50:01:968726 [群益正式] dwThreadID=10560,nCode=0,Msg=0709283104488
2018/09/28 10:50:01:968726 [群益正式] OnOrdResult(10560,0709283104488|0000|委託已傳送0:SK_SUCCESS:0709283104488)
2018/09/28 10:50:01:968726 [群益正式] SendOrders Count:0
2018/09/28 10:50:01:968726 [群益正式] SendingOrderFinish
2018/09/28 10:50:01:999960 [群益正式] OnNewData:0709283104488,TF,N,N,F020000,3030194,SOR2,TW,MTX10,,o1843,10948.0000,,,,,,,,,2,,,20180928,10:50:01,,0000000,0190,5,20180928,2110000443521,A,FIMTX,201810,,,,,,,A,20180928,,
2018/09/28 10:50:01:999960 [1231208224:138]OnOrderSubmited
2018/09/28 10:50:01:999960 [1231208224:138]回報MC委託狀態更新：eMTPA_OS_Submitted_ThreadID:1
2018/09/28 10:50:01:999960 @0|TAIFEX|MXF1|2009/10/31|50|MXF/F020000-3030194-B30/138/0/10951/eMTPA_OS_Submitted/0/0/0/o1843
2018/09/28 10:50:01:999960 [1231208224:138]回報MC結束
2018/09/28 10:50:01:999960 APOrder Submitted: [1231208224:138][專業版預設交易模組][期外-F020000-3030194-B30-左玉鳳/MXF.1810/S]委託成功2(成交0/失敗0):券商量2
2018/09/28 10:50:01:999960 [138]Y220362012傳送APP訊息Sell Limit (10950/0) x2 Submitted
2018/09/28 10:50:01:999960 [1231208224:138] isAPOrderChanged:True | this Filledx2 | APOrder WorkedLeaveQtyx0 | 
2018/09/28 10:50:01:999960 [1231208224:138]回報MC委託狀態更新：eMTPA_OS_Filled_ThreadID:1
2018/09/28 10:50:01:999960 @0|TAIFEX|MXF1|2009/10/31|50|MXF/F020000-3030194-B30/138/0/10951/eMTPA_OS_Filled/2/10950/10950/o1843
2018/09/28 10:50:01:999960 [1231208224:138]回報MC結束
2018/09/28 10:50:01:999960 [1231208224:138] OnOrderFill PositionUpdata
2018/09/28 10:50:01:999960 APOrder Filled: [1231208224:138][專業版預設交易模組][期外-F020000-3030194-B30-左玉鳳/MXF.1810/S]成交[$10950x2]券商總成交$10950x2, 此次:$10950x2 時間:--:--:-- 委託成功時虛擬成交(請另外檢查是否成交)
2018/09/28 10:50:01:999960 [庫存異動][F020000-3030194-B30/MXF.1810@0] AddMatchQty x2, Order.OrigBookingQuantity x0
2018/09/28 10:50:01:999960 [138]Y220362012傳送APP訊息Sell Limit (10950/0) x2 FullFilled
2018/09/28 10:50:01:999960 [群益正式] OnNewData:0709283104488,TF,D,N,F020000,3030194,SOR2,TW,MTX10,,o1843,10950.000000,,,,,,,,,2,,,20180928,10:50:01,,0000000,0190,5,20180928,2120000029697,A,FIMTX,201810,,,,,0000000451,,A,20180928,,
2018/09/28 10:50:01:999960 [群益正式] OnOrdMatF :0709283104488
2018/09/28 10:50:01:999960 [群益正式] OnOrdMatF:0709283104488,o1843
2018/09/28 10:50:01:999960 [群益正式] OnOrdMatF(0709283104488,2,10950.000000)
2018/09/28 10:50:04:888487 [1231208224:138][專業版預設交易模組]Time to change market price.
2018/09/28 10:50:04:888487 [1231208224:138][專業版預設交易模組][期外-F020000-3030194-B30-左玉鳳/MXF.1810/S]委託已成交
2018/09/28 10:50:05:591536 Order Price 11130/11130
2018/09/28 10:50:05:591536 [1231208224] 市價:10952
2018/09/28 10:50:05:591536 [1231208224:139][專業版預設交易模組]PlaceOrder(B $11130停止x1 Exit) Add Disabled Order 接受委託,但不送單!
2018/09/28 10:50:05:591536 [139]Y220362012傳送APP訊息Buy Stop (11130/0) x1 Idle
2018/09/28 10:50:05:591536 [1231208224:139]NewOrder： MCTraderId[1231208224], APTraderID[1231208224], MCOrderID[139]
2018/09/28 10:50:05:591536 [1231208224:139]不預掛單回報MC委託成功
2018/09/28 10:50:05:591536 [1231208224:139]回報MC委託狀態更新：eMTPA_OS_Submitted_ThreadID:1
2018/09/28 10:50:05:591536 @0|TAIFEX|MXF1|2009/10/31|50|MXF/F020000-3030194-B30/139/11130/11130/eMTPA_OS_Submitted/0/0/0/
2018/09/28 10:50:05:591536 [1231208224:139]回報MC結束
2018/09/28 12:30:06:888772 [1231208224:139]Multicharts CancelOrder傳送中...
2018/09/28 12:30:06:888772 [1231208224:139]ModifyOrderStateChange:False
2018/09/28 12:30:06:888772 [1231208224:139]Is ModifyOrder=False | DisableOrderState=None 
2018/09/28 12:30:06:888772 [1231208224:139]回報MC委託狀態更新：eMTPA_OS_Cancelled_ThreadID:1
2018/09/28 12:30:06:892732 @0|TAIFEX|MXF1|2009/10/31|50|MXF/F020000-3030194-B30/139/11130/11130/eMTPA_OS_Cancelled/0/0/0/
2018/09/28 12:30:06:892732 [1231208224:139]回報MC結束
2018/09/28 12:30:06:892732 APOrder Canceled: [1231208224:139][專業版預設交易模組]委託刪單1(原委1/成交0/失敗0)
2018/09/28 12:30:06:892732 [139]Y220362012傳送APP訊息Buy Stop (11130/0) x1 Canceled
2018/09/28 12:30:06:892732 [1231208224:139] isAPOrderChanged:True | this Canceled x1 | APOrder WorkedLeaveQty x-1 | 
2018/09/28 12:3